<?xml version="1.0" encoding="UTF-8"?>
<!-- Generated by org.testng.reporters.JUnitXMLReporter -->
<testsuite ignored="0" hostname="DESKTOP-8T6NK43" failures="1" tests="2" name="Linux-Chrome" time="20.178" errors="0" timestamp="2025-04-28T19:29:38 IST">
  <testcase classname="testCases.TC001_AccountRegistrationTest" name="test_account_Registration" time="4.252"/>
  <testcase classname="testCases.TC002_LoginTest" name="verify_login" time="11.504">
    <failure type="java.lang.AssertionError" message="Login failed expected [true] but found [false]">
      <![CDATA[java.lang.AssertionError: Login failed expected [true] but found [false]
at testCases.TC002_LoginTest.verify_login(TC002_LoginTest.java:40)
at java.base/java.util.ArrayList.forEach(ArrayList.java:1597)
... Removed 31 stack frames]]>
    </failure>
  </testcase> <!-- verify_login -->
</testsuite> <!-- Linux-Chrome -->
